[18:19:45] [main/INFO]: Environment: authHost='https://authserver.mojang.com', accountsHost='https://api.mojang.com', sessionHost='https://sessionserver.mojang.com', name='PROD'
[18:19:46] [main/WARN]: Ambiguity between arguments [teleport, destination] and [teleport, targets] with inputs: [Player, 0123, @e, dd12be42-52a9-4a91-a8a1-11c01849e498]
[18:19:46] [main/WARN]: Ambiguity between arguments [teleport, location] and [teleport, destination] with inputs: [0.1 -0.5 .9, 0 0 0]
[18:19:46] [main/WARN]: Ambiguity between arguments [teleport, location] and [teleport, targets] with inputs: [0.1 -0.5 .9, 0 0 0]
[18:19:46] [main/WARN]: Ambiguity between arguments [teleport, targets] and [teleport, destination] with inputs: [Player, 0123, dd12be42-52a9-4a91-a8a1-11c01849e498]
[18:19:46] [main/WARN]: Ambiguity between arguments [teleport, targets, location] and [teleport, targets, destination] with inputs: [0.1 -0.5 .9, 0 0 0]
[18:19:46] [main/INFO]: Reloading ResourceManager: Default
[18:19:46] [Worker-Main-14/INFO]: Loaded 7 recipes
[18:19:46] [Worker-Main-14/INFO]: Loaded 927 advancements
[18:19:47] [Server thread/INFO]: Starting minecraft server version 1.16.1
[18:19:47] [Server thread/INFO]: Loading properties
[18:19:47] [Server thread/INFO]: Default game type: SURVIVAL
[18:19:47] [Server thread/INFO]: Generating keypair
[18:19:48] [Server thread/INFO]: Starting Minecraft server on 25.37.235.107:25565
[18:19:48] [Server thread/INFO]: Using default channel type
[18:19:50] [Server thread/INFO]: Preparing level "world"
[18:19:50] [Server thread/INFO]: Preparing start region for dimension minecraft:overworld
[18:19:52] [Server thread/INFO]: Preparing spawn area: 0%
[18:19:52] [Server thread/INFO]: Preparing spawn area: 0%
[18:19:52] [Server thread/INFO]: Preparing spawn area: 0%
[18:19:52] [Server thread/INFO]: Preparing spawn area: 0%
[18:19:57] [Server thread/INFO]: Preparing spawn area: 0%
[18:19:57] [Server thread/INFO]: Preparing spawn area: 0%
[18:19:57] [Server thread/INFO]: Preparing spawn area: 0%
[18:19:57] [Server thread/INFO]: Preparing spawn area: 0%
[18:19:57] [Server thread/INFO]: Preparing spawn area: 0%
[18:19:57] [Server thread/INFO]: Preparing spawn area: 0%
[18:19:57] [Server thread/INFO]: Preparing spawn area: 0%
[18:19:57] [Server thread/INFO]: Preparing spawn area: 0%
[18:19:57] [Server thread/INFO]: Preparing spawn area: 0%
[18:19:57] [Server thread/INFO]: Preparing spawn area: 0%
[18:19:57] [Server thread/INFO]: Time elapsed: 7162 ms
[18:19:57] [Server thread/INFO]: Done (7.283s)! For help, type "help"
[18:19:59] [User Authenticator #1/INFO]: UUID of player fshii is 48985f7d-f71b-459b-8482-de8693fcd874
[18:19:59] [Server thread/INFO]: fshii[/25.37.235.107:63928] logged in with entity id 51 at (-601.7112953180094, 80.0, -226.2224101992961)
[18:19:59] [Server thread/INFO]: fshii joined the game
[18:20:56] [User Authenticator #2/INFO]: UUID of player iLikeSsssushi is 7da49783-de52-48c3-885e-02e505a64ae6
[18:20:56] [Server thread/INFO]: iLikeSsssushi[/25.14.6.47:53833] logged in with entity id 370 at (-563.7091826634334, 21.0, -204.57066713304516)
[18:20:56] [Server thread/INFO]: iLikeSsssushi joined the game
[18:21:58] [User Authenticator #3/INFO]: UUID of player MyNameGian is e0392ed5-71ab-4623-83c1-a4008420312a
[18:21:58] [Server thread/INFO]: MyNameGian[/25.45.143.233:57703] logged in with entity id 729 at (-140.5, 63.0, 21.5)
[18:21:58] [Server thread/INFO]: MyNameGian joined the game
[18:22:18] [Server thread/WARN]: Mismatch in destroy block pos: fu{x=0, y=0, z=0} fu{x=-156, y=68, z=31}
[18:22:19] [Server thread/WARN]: Mismatch in destroy block pos: fu{x=0, y=0, z=0} fu{x=-157, y=67, z=31}
[18:22:20] [Server thread/WARN]: Mismatch in destroy block pos: fu{x=0, y=0, z=0} fu{x=-156, y=68, z=31}
[18:22:20] [Server thread/WARN]: Mismatch in destroy block pos: fu{x=0, y=0, z=0} fu{x=-157, y=67, z=31}
[18:22:20] [Server thread/WARN]: Mismatch in destroy block pos: fu{x=0, y=0, z=0} fu{x=-157, y=66, z=27}
[18:22:21] [Server thread/WARN]: Mismatch in destroy block pos: fu{x=0, y=0, z=0} fu{x=-156, y=66, z=30}
[18:22:21] [Server thread/WARN]: Mismatch in destroy block pos: fu{x=0, y=0, z=0} fu{x=-156, y=66, z=31}
[18:22:29] [Server thread/WARN]: Mismatch in destroy block pos: fu{x=0, y=0, z=0} fu{x=-150, y=65, z=23}
[18:22:30] [Server thread/WARN]: Mismatch in destroy block pos: fu{x=0, y=0, z=0} fu{x=-150, y=66, z=22}
[18:22:30] [Server thread/WARN]: Mismatch in destroy block pos: fu{x=0, y=0, z=0} fu{x=-150, y=67, z=20}
[18:22:30] [Server thread/WARN]: Mismatch in destroy block pos: fu{x=0, y=0, z=0} fu{x=-150, y=67, z=20}
[18:22:30] [Server thread/WARN]: Mismatch in destroy block pos: fu{x=0, y=0, z=0} fu{x=-150, y=66, z=21}
[18:22:30] [Server thread/INFO]: [fshii: Made MyNameGian a server operator]
[18:24:11] [Server thread/INFO]: MyNameGian has made the advancement [Cover Me With Diamonds]
[18:25:00] [Server thread/WARN]: MyNameGian moved too quickly! -6.4294820759444065,0.2046003784434305,-7.914017643187449
[18:25:00] [Server thread/WARN]: Can't keep up! Is the server overloaded? Running 2575ms or 51 ticks behind
[18:26:53] [Server thread/INFO]: iLikeSsssushi lost connection: Disconnected
[18:26:53] [Server thread/INFO]: iLikeSsssushi left the game
[18:28:11] [Server thread/INFO]: MyNameGian has made the advancement [Stone Age]
[18:30:01] [Server thread/INFO]: MyNameGian has made the advancement [Diamonds!]
[18:36:18] [Server thread/INFO]: MyNameGian has made the advancement [Getting an Upgrade]
[18:43:06] [User Authenticator #4/INFO]: UUID of player iLikeSsssushi is 7da49783-de52-48c3-885e-02e505a64ae6
[18:43:06] [Server thread/INFO]: iLikeSsssushi[/25.14.6.47:64438] logged in with entity id 5803 at (-565.3207839179306, 20.5, -197.8903229947128)
[18:43:06] [Server thread/INFO]: iLikeSsssushi joined the game
[18:51:31] [Server thread/WARN]: fshii moved too quickly! 15.328638847664706,5.610724485164482,-7.944698015882148
[18:53:17] [Server thread/INFO]: MyNameGian has made the advancement [Monster Hunter]
[18:55:02] [Server thread/WARN]: Can't keep up! Is the server overloaded? Running 2003ms or 40 ticks behind
[18:55:27] [Server thread/INFO]: MyNameGian has made the advancement [Voluntary Exile]
[18:56:22] [Server thread/INFO]: iLikeSsssushi lost connection: Disconnected
[18:56:22] [Server thread/INFO]: iLikeSsssushi left the game
[19:07:38] [Server thread/INFO]: fshii has made the advancement [Voluntary Exile]
[19:17:33] [Server thread/INFO]: [fshii: Set own game mode to Adventure Mode]
[19:17:37] [Server thread/INFO]: [fshii: Set own game mode to Creative Mode]
[19:17:48] [Server thread/INFO]: [fshii: Set own game mode to Survival Mode]
[19:20:50] [Server thread/INFO]: fshii lost connection: Disconnected
[19:20:50] [Server thread/INFO]: fshii left the game
[19:38:06] [Server thread/INFO]: [Server] ?????
[19:38:13] [Server thread/INFO]: <MyNameGian> ??
[19:38:19] [Server thread/INFO]: [Server] blyat
[19:38:32] [Server thread/WARN]: Can't keep up! Is the server overloaded? Running 2066ms or 41 ticks behind
[19:38:58] [User Authenticator #5/INFO]: UUID of player fshii is 48985f7d-f71b-459b-8482-de8693fcd874
[19:38:59] [Server thread/INFO]: fshii[/25.37.235.107:64408] logged in with entity id 21081 at (-554.2920142022261, 105.0, -207.9863702872872)
[19:38:59] [Server thread/INFO]: fshii joined the game
[19:56:13] [Server thread/INFO]: MyNameGian lost connection: Disconnected
[19:56:13] [Server thread/INFO]: MyNameGian left the game
[20:19:02] [Server thread/INFO]: [fshii: Set own game mode to Creative Mode]
[20:19:12] [Server thread/INFO]: [fshii: Set own game mode to Survival Mode]
[20:41:53] [Server thread/INFO]: fshii lost connection: Disconnected
[20:41:53] [Server thread/INFO]: fshii left the game
